2017-08-28 17:11:56
App Version: 3.0.0-beta1_217
OS Version: 6.0.1_23
Vendor: OPPO
Model: OPPO R11 Plus

kotlin.UninitializedPropertyAccessException: lateinit property settings has not been initialized
	at com.janyo.janyoshare.AppFragment.a(AppFragment.kt:253)
	at com.janyo.janyoshare.activity.MainActivity$initialization$2.onPageSelected(MainActivity.kt:106)
	at android.support.v4.view.ViewPager.dispatchOnPageSelected(ViewPager.java:1939)
	at android.support.v4.view.ViewPager.scrollToItem(ViewPager.java:679)
	at android.support.v4.view.ViewPager.setCurrentItemInternal(ViewPager.java:663)
	at android.support.v4.view.ViewPager.onTouchEvent(ViewPager.java:2255)
	at android.view.View.dispatchTouchEvent(View.java:9306)
	at android.view.ViewGroup.dispatchTransformedTouchEvent(ViewGroup.java:2550)
	at android.view.ViewGroup.dispatchTouchEvent(ViewGroup.java:2241)
	at android.view.ViewGroup.dispatchTransformedTouchEvent(ViewGroup.java:2556)
	at android.view.ViewGroup.dispatchTouchEvent(ViewGroup.java:2255)
	at android.view.ViewGroup.dispatchTransformedTouchEvent(ViewGroup.java:2556)
	at android.view.ViewGroup.dispatchTouchEvent(ViewGroup.java:2255)
	at android.view.ViewGroup.dispatchTransformedTouchEvent(ViewGroup.java:2556)
	at android.view.ViewGroup.dispatchTouchEvent(ViewGroup.java:2255)
	at android.view.ViewGroup.dispatchTransformedTouchEvent(ViewGroup.java:2556)
	at android.view.ViewGroup.dispatchTouchEvent(ViewGroup.java:2255)
	at android.view.ViewGroup.dispatchTransformedTouchEvent(ViewGroup.java:2556)
	at android.view.ViewGroup.dispatchTouchEvent(ViewGroup.java:2255)
	at android.view.ViewGroup.dispatchTransformedTouchEvent(ViewGroup.java:2556)
	at android.view.ViewGroup.dispatchTouchEvent(ViewGroup.java:2255)
	at android.view.ViewGroup.dispatchTransformedTouchEvent(ViewGroup.java:2556)
	at android.view.ViewGroup.dispatchTouchEvent(ViewGroup.java:2255)
	at com.android.internal.policy.PhoneWindow$DecorView.superDispatchTouchEvent(PhoneWindow.java:2403)
	at com.android.internal.policy.PhoneWindow.superDispatchTouchEvent(PhoneWindow.java:1737)
	at android.app.Activity.dispatchTouchEvent(Activity.java:2820)
	at android.support.v7.view.WindowCallbackWrapper.dispatchTouchEvent(WindowCallbackWrapper.java:68)
	at android.support.v7.view.WindowCallbackWrapper.dispatchTouchEvent(WindowCallbackWrapper.java:68)
	at com.android.internal.policy.PhoneWindow$DecorView.dispatchTouchEvent(PhoneWindow.java:2364)
	at android.view.View.dispatchPointerEvent(View.java:9526)
	at android.view.ViewRootImpl$ViewPostImeInputStage.processPointerEvent(ViewRootImpl.java:4267)
	at android.view.ViewRootImpl$ViewPostImeInputStage.onProcess(ViewRootImpl.java:4133)
	at android.view.ViewRootImpl$InputStage.deliver(ViewRootImpl.java:3674)
	at android.view.ViewRootImpl$InputStage.onDeliverToNext(ViewRootImpl.java:3727)
	at android.view.ViewRootImpl$InputStage.forward(ViewRootImpl.java:3693)
	at android.view.ViewRootImpl$AsyncInputStage.forward(ViewRootImpl.java:3819)
	at android.view.ViewRootImpl$InputStage.apply(ViewRootImpl.java:3701)
	at android.view.ViewRootImpl$AsyncInputStage.apply(ViewRootImpl.java:3876)
	at android.view.ViewRootImpl$InputStage.deliver(ViewRootImpl.java:3674)
	at android.view.ViewRootImpl$InputStage.onDeliverToNext(ViewRootImpl.java:3727)
	at android.view.ViewRootImpl$InputStage.forward(ViewRootImpl.java:3693)
	at android.view.ViewRootImpl$InputStage.apply(ViewRootImpl.java:3701)
	at android.view.ViewRootImpl$InputStage.deliver(ViewRootImpl.java:3674)
	at android.view.ViewRootImpl.deliverInputEvent(ViewRootImpl.java:5959)
	at android.view.ViewRootImpl.doProcessInputEvents(ViewRootImpl.java:5933)
	at android.view.ViewRootImpl.enqueueInputEvent(ViewRootImpl.java:5894)
	at android.view.ViewRootImpl$WindowInputEventReceiver.onInputEvent(ViewRootImpl.java:6062)
	at android.view.InputEventReceiver.dispatchInputEvent(InputEventReceiver.java:187)
	at android.os.MessageQueue.nativePollOnce(Native Method)
	at android.os.MessageQueue.next(MessageQueue.java:323)
	at android.os.Looper.loop(Looper.java:138)
	at android.app.ActivityThread.main(ActivityThread.java:5529)
	at java.lang.reflect.Method.invoke(Native Method)
	at com.android.internal.os.ZygoteInit$MethodAndArgsCaller.run(ZygoteInit.java:739)
	at com.android.internal.os.ZygoteInit.main(ZygoteInit.java:629)
	at de.robv.android.xposed.XposedBridge.main(XposedBridge.java:102)
